06:55:05 [INFO] Приложение запущено
06:57:03 [WARN] NewEvents emitted without explicit RedrawEventsCleared
06:57:03 [WARN] RedrawEventsCleared emitted without explicit MainEventsCleared
06:58:52 [INFO] Приложение запущено
06:59:21 [INFO] Приложение запущено
06:59:41 [INFO] Приложение запущено
06:59:47 [INFO] Приложение запущено
06:59:50 [INFO] Приложение запущено
06:59:55 [INFO] Приложение запущено
06:59:57 [INFO] Приложение запущено
07:00:03 [INFO] Приложение запущено
07:00:23 [WARN] NewEvents emitted without explicit RedrawEventsCleared
07:00:23 [WARN] RedrawEventsCleared emitted without explicit MainEventsCleared
07:00:27 [WARN] NewEvents emitted without explicit RedrawEventsCleared
07:00:27 [WARN] RedrawEventsCleared emitted without explicit MainEventsCleared
07:00:32 [INFO] Приложение запущено
07:01:34 [INFO] Приложение запущено
07:02:34 [INFO] Приложение запущено
08:24:40 [INFO] Приложение запущено
08:27:15 [INFO] Приложение запущено
08:28:32 [INFO] Приложение запущено
08:28:36 [INFO] Приложение запущено
08:28:47 [INFO] Приложение запущено
08:28:52 [INFO] Приложение запущено
08:28:56 [INFO] Приложение запущено
08:28:58 [ERROR] failed to create webview: WebView2 error: WindowsError(Error { code: HRESULT(0x80070057), message: "Параметр задан неверно." })
08:29:03 [INFO] Приложение запущено
08:29:16 [INFO] Приложение запущено
08:29:18 [ERROR] failed to create webview: WebView2 error: WindowsError(Error { code: HRESULT(0x80070057), message: "Параметр задан неверно." })
08:29:28 [INFO] Приложение запущено
08:33:07 [INFO] Приложение запущено
08:33:38 [WARN] NewEvents emitted without explicit RedrawEventsCleared
08:33:38 [WARN] RedrawEventsCleared emitted without explicit MainEventsCleared
08:33:45 [WARN] NewEvents emitted without explicit RedrawEventsCleared
08:33:45 [WARN] RedrawEventsCleared emitted without explicit MainEventsCleared
08:34:40 [INFO] Приложение запущено
08:34:50 [INFO] Приложение запущено
08:35:06 [INFO] Приложение запущено
08:35:10 [INFO] Приложение запущено
08:35:26 [INFO] Приложение запущено
08:35:27 [ERROR] failed to create webview: WebView2 error: WindowsError(Error { code: HRESULT(0x80070057), message: "Параметр задан неверно." })
08:36:03 [INFO] Приложение запущено
08:36:13 [INFO] Приложение запущено
08:37:13 [INFO] Приложение запущено
08:40:15 [INFO] Приложение запущено
08:46:40 [WARN] NewEvents emitted without explicit RedrawEventsCleared
08:46:40 [WARN] RedrawEventsCleared emitted without explicit MainEventsCleared
08:46:46 [WARN] NewEvents emitted without explicit RedrawEventsCleared
08:46:46 [WARN] RedrawEventsCleared emitted without explicit MainEventsCleared
08:47:10 [WARN] NewEvents emitted without explicit RedrawEventsCleared
08:47:10 [WARN] RedrawEventsCleared emitted without explicit MainEventsCleared
09:05:16 [WARN] NewEvents emitted without explicit RedrawEventsCleared
09:05:16 [WARN] RedrawEventsCleared emitted without explicit MainEventsCleared
09:11:24 [WARN] NewEvents emitted without explicit RedrawEventsCleared
09:11:24 [WARN] RedrawEventsCleared emitted without explicit MainEventsCleared
09:24:30 [WARN] NewEvents emitted without explicit RedrawEventsCleared
09:24:30 [WARN] RedrawEventsCleared emitted without explicit MainEventsCleared
09:24:36 [WARN] NewEvents emitted without explicit RedrawEventsCleared
09:24:36 [WARN] RedrawEventsCleared emitted without explicit MainEventsCleared
09:26:34 [WARN] NewEvents emitted without explicit RedrawEventsCleared
09:26:34 [WARN] RedrawEventsCleared emitted without explicit MainEventsCleared
09:33:06 [INFO] Приложение запущено
09:38:29 [INFO] Приложение запущено
09:38:58 [WARN] NewEvents emitted without explicit RedrawEventsCleared
09:38:58 [WARN] RedrawEventsCleared emitted without explicit MainEventsCleared
09:47:21 [WARN] NewEvents emitted without explicit RedrawEventsCleared
09:47:21 [WARN] RedrawEventsCleared emitted without explicit MainEventsCleared
09:47:42 [WARN] NewEvents emitted without explicit RedrawEventsCleared
09:47:42 [WARN] RedrawEventsCleared emitted without explicit MainEventsCleared
09:55:14 [INFO] Приложение запущено
10:45:22 [INFO] Приложение запущено
17:28:16 [INFO] Приложение запущено
17:29:15 [WARN] NewEvents emitted without explicit RedrawEventsCleared
17:29:15 [WARN] RedrawEventsCleared emitted without explicit MainEventsCleared
17:32:11 [WARN] NewEvents emitted without explicit RedrawEventsCleared
17:32:11 [WARN] RedrawEventsCleared emitted without explicit MainEventsCleared
17:49:16 [WARN] NewEvents emitted without explicit RedrawEventsCleared
17:49:16 [WARN] RedrawEventsCleared emitted without explicit MainEventsCleared
18:05:24 [WARN] NewEvents emitted without explicit RedrawEventsCleared
18:05:24 [WARN] RedrawEventsCleared emitted without explicit MainEventsCleared
18:08:10 [INFO] Приложение запущено
18:08:22 [WARN] NewEvents emitted without explicit RedrawEventsCleared
18:08:22 [WARN] RedrawEventsCleared emitted without explicit MainEventsCleared
18:16:22 [WARN] NewEvents emitted without explicit RedrawEventsCleared
18:16:22 [WARN] RedrawEventsCleared emitted without explicit MainEventsCleared
18:16:25 [WARN] NewEvents emitted without explicit RedrawEventsCleared
18:16:25 [WARN] RedrawEventsCleared emitted without explicit MainEventsCleared
18:16:55 [WARN] NewEvents emitted without explicit RedrawEventsCleared
18:16:55 [WARN] RedrawEventsCleared emitted without explicit MainEventsCleared
18:17:20 [WARN] NewEvents emitted without explicit RedrawEventsCleared
18:17:20 [WARN] RedrawEventsCleared emitted without explicit MainEventsCleared
18:21:10 [WARN] NewEvents emitted without explicit RedrawEventsCleared
18:21:10 [WARN] RedrawEventsCleared emitted without explicit MainEventsCleared
18:21:18 [WARN] NewEvents emitted without explicit RedrawEventsCleared
18:21:18 [WARN] RedrawEventsCleared emitted without explicit MainEventsCleared
18:26:03 [WARN] NewEvents emitted without explicit RedrawEventsCleared
18:26:03 [WARN] RedrawEventsCleared emitted without explicit MainEventsCleared
18:27:07 [WARN] NewEvents emitted without explicit RedrawEventsCleared
18:27:07 [WARN] RedrawEventsCleared emitted without explicit MainEventsCleared
18:30:13 [WARN] NewEvents emitted without explicit RedrawEventsCleared
18:30:13 [WARN] RedrawEventsCleared emitted without explicit MainEventsCleared
18:32:31 [WARN] NewEvents emitted without explicit RedrawEventsCleared
18:32:31 [WARN] RedrawEventsCleared emitted without explicit MainEventsCleared
18:32:39 [WARN] NewEvents emitted without explicit RedrawEventsCleared
18:32:39 [WARN] RedrawEventsCleared emitted without explicit MainEventsCleared
18:35:27 [WARN] NewEvents emitted without explicit RedrawEventsCleared
18:35:27 [WARN] RedrawEventsCleared emitted without explicit MainEventsCleared
18:43:58 [WARN] NewEvents emitted without explicit RedrawEventsCleared
18:43:58 [WARN] RedrawEventsCleared emitted without explicit MainEventsCleared
19:01:36 [INFO] Приложение запущено
19:02:22 [WARN] NewEvents emitted without explicit RedrawEventsCleared
19:02:22 [WARN] RedrawEventsCleared emitted without explicit MainEventsCleared
19:08:25 [INFO] Тип материала успешно установлен
06:22:23 [INFO] Приложение запущено
06:28:17 [WARN] NewEvents emitted without explicit RedrawEventsCleared
06:28:17 [WARN] RedrawEventsCleared emitted without explicit MainEventsCleared
06:28:18 [INFO] Тип материала успешно установлен
06:36:27 [WARN] NewEvents emitted without explicit RedrawEventsCleared
06:36:27 [WARN] RedrawEventsCleared emitted without explicit MainEventsCleared
06:42:14 [WARN] NewEvents emitted without explicit RedrawEventsCleared
06:42:14 [WARN] RedrawEventsCleared emitted without explicit MainEventsCleared
06:43:16 [WARN] NewEvents emitted without explicit RedrawEventsCleared
06:43:16 [WARN] RedrawEventsCleared emitted without explicit MainEventsCleared
06:46:51 [WARN] NewEvents emitted without explicit RedrawEventsCleared
06:46:51 [WARN] RedrawEventsCleared emitted without explicit MainEventsCleared
06:48:39 [WARN] NewEvents emitted without explicit RedrawEventsCleared
06:48:39 [WARN] RedrawEventsCleared emitted without explicit MainEventsCleared
06:50:03 [INFO] Приложение запущено
06:50:15 [WARN] NewEvents emitted without explicit RedrawEventsCleared
06:50:15 [WARN] RedrawEventsCleared emitted without explicit MainEventsCleared
06:51:37 [WARN] NewEvents emitted without explicit RedrawEventsCleared
06:51:37 [WARN] RedrawEventsCleared emitted without explicit MainEventsCleared
06:53:12 [WARN] NewEvents emitted without explicit RedrawEventsCleared
06:53:12 [WARN] RedrawEventsCleared emitted without explicit MainEventsCleared
06:53:54 [WARN] NewEvents emitted without explicit RedrawEventsCleared
06:53:54 [WARN] RedrawEventsCleared emitted without explicit MainEventsCleared
06:54:03 [WARN] NewEvents emitted without explicit RedrawEventsCleared
06:54:03 [WARN] RedrawEventsCleared emitted without explicit MainEventsCleared
06:54:03 [INFO] Тип материала успешно установлен
06:54:04 [INFO] Тип материала успешно установлен
08:33:57 [INFO] Приложение запущено
08:38:28 [INFO] Приложение запущено
08:44:55 [INFO] Приложение запущено
08:44:57 [INFO] начало расчета цены резки
08:45:07 [INFO] начало расчета цены резки
08:45:19 [INFO] начало расчета цены резки
08:45:59 [INFO] начало расчета цены резки
08:46:44 [INFO] Приложение запущено
08:53:14 [INFO] Приложение запущено
08:54:17 [INFO] Приложение запущено
08:55:26 [WARN] NewEvents emitted without explicit RedrawEventsCleared
08:55:26 [WARN] RedrawEventsCleared emitted without explicit MainEventsCleared
09:06:17 [INFO] Приложение запущено
09:10:06 [WARN] NewEvents emitted without explicit RedrawEventsCleared
09:10:06 [WARN] RedrawEventsCleared emitted without explicit MainEventsCleared
09:14:22 [INFO] Приложение запущено
09:16:59 [INFO] Приложение запущено
09:17:59 [INFO] места гибки успешно установлен
09:18:36 [INFO] Резьбы вставки успешно установлен
09:18:38 [INFO] количество деталей успешно установлен
09:18:39 [INFO] цена материала успешно установлен
09:18:40 [INFO] маржа успешно установлен
09:18:44 [INFO] толщина материала успешно установлена
09:18:47 [INFO] Длинная материла успешно установлен
09:28:04 [WARN] NewEvents emitted without explicit RedrawEventsCleared
09:28:04 [WARN] RedrawEventsCleared emitted without explicit MainEventsCleared
09:30:26 [WARN] NewEvents emitted without explicit RedrawEventsCleared
09:30:26 [WARN] RedrawEventsCleared emitted without explicit MainEventsCleared
09:30:26 [INFO] Тип резки успешно установлен
09:33:26 [INFO] Тип резки успешно установлен
09:33:32 [INFO] Тип материала успешно установлен
09:33:41 [INFO] толщина материала успешно установлена
09:33:51 [WARN] NewEvents emitted without explicit RedrawEventsCleared
09:33:51 [WARN] RedrawEventsCleared emitted without explicit MainEventsCleared
09:33:55 [INFO] Длинная материла успешно установлен
09:34:00 [INFO] Длинная материла успешно установлен
09:34:11 [WARN] NewEvents emitted without explicit RedrawEventsCleared
09:34:11 [WARN] RedrawEventsCleared emitted without explicit MainEventsCleared
09:34:12 [INFO] Длинная материла успешно установлен
09:34:22 [INFO] места гибки успешно установлен
09:34:29 [INFO] Резьбы вставки успешно установлен
09:34:31 [INFO] Резьбы вставки успешно установлен
09:34:34 [INFO] количество деталей успешно установлен
09:34:35 [INFO] цена материала успешно установлен
09:34:36 [INFO] маржа успешно установлен
09:34:46 [WARN] NewEvents emitted without explicit RedrawEventsCleared
09:34:46 [WARN] RedrawEventsCleared emitted without explicit MainEventsCleared
09:34:49 [WARN] NewEvents emitted without explicit RedrawEventsCleared
09:34:49 [WARN] RedrawEventsCleared emitted without explicit MainEventsCleared
09:35:30 [INFO] Приложение запущено
09:57:20 [INFO] Тип резки успешно установлен
09:57:20 [INFO] начало расчета цены резки
09:57:21 [INFO] начало расчета цены резки
09:57:21 [INFO] Тип материала успешно установлен
09:57:24 [INFO] начало расчета цены резки
09:57:24 [INFO] толщина материала успешно установлена
09:57:26 [INFO] Длинная материла успешно установлен
09:57:26 [INFO] начало расчета цены резки
09:57:29 [INFO] начало расчета цены резки
09:57:29 [INFO] места гибки успешно установлен
09:57:29 [INFO] начало расчета цены резки
09:57:29 [INFO] Резьбы вставки успешно установлен
09:57:32 [INFO] количество деталей успешно установлен
09:57:32 [INFO] начало расчета цены резки
09:57:34 [INFO] начало расчета цены резки
09:57:34 [INFO] цена материала успешно установлен
09:57:36 [INFO] начало расчета цены резки
09:57:36 [INFO] маржа успешно установлен
09:57:38 [INFO] начало расчета цены резки
09:57:39 [INFO] начало расчета цены резки
09:57:40 [INFO] начало расчета цены резки
09:57:40 [INFO] начало расчета цены резки
09:57:58 [INFO] начало расчета цены резки
09:57:58 [INFO] начало расчета цены резки
09:57:59 [INFO] начало расчета цены резки
09:58:03 [INFO] начало расчета цены резки
10:00:43 [INFO] Приложение запущено
10:00:45 [INFO] начало расчета цены резки
10:01:48 [INFO] Приложение запущено
10:01:55 [INFO] Тип резки успешно установлен
10:01:55 [INFO] начало расчета цены резки
10:01:56 [INFO] начало расчета цены резки
10:01:56 [INFO] Тип материала успешно установлен
10:01:59 [INFO] начало расчета цены резки
10:01:59 [INFO] толщина материала успешно установлена
10:02:02 [INFO] Длинная материла успешно установлен
10:02:02 [INFO] начало расчета цены резки
10:02:05 [INFO] начало расчета цены резки
10:02:05 [INFO] места гибки успешно установлен
10:02:07 [INFO] начало расчета цены резки
10:02:07 [INFO] Резьбы вставки успешно установлен
10:02:09 [INFO] количество деталей успешно установлен
10:02:09 [INFO] начало расчета цены резки
10:02:11 [INFO] начало расчета цены резки
10:02:11 [INFO] цена материала успешно установлен
10:02:13 [INFO] начало расчета цены резки
10:02:13 [INFO] маржа успешно установлен
10:02:15 [INFO] начало расчета цены резки
10:02:50 [WARN] NewEvents emitted without explicit RedrawEventsCleared
10:02:50 [WARN] RedrawEventsCleared emitted without explicit MainEventsCleared
10:03:44 [INFO] Приложение запущено
10:03:54 [WARN] NewEvents emitted without explicit RedrawEventsCleared
10:03:54 [WARN] RedrawEventsCleared emitted without explicit MainEventsCleared
10:03:56 [INFO] начало расчета цены резки
10:04:00 [WARN] NewEvents emitted without explicit RedrawEventsCleared
10:04:00 [WARN] RedrawEventsCleared emitted without explicit MainEventsCleared
10:04:06 [INFO] Тип резки успешно установлен
10:04:06 [INFO] начало расчета цены резки
10:04:07 [INFO] Тип материала успешно установлен
10:04:07 [INFO] начало расчета цены резки
10:04:10 [INFO] толщина материала успешно установлена
10:04:10 [INFO] начало расчета цены резки
10:04:14 [INFO] Длинная материла успешно установлен
10:04:14 [INFO] начало расчета цены резки
10:04:16 [INFO] начало расчета цены резки
10:04:16 [INFO] места гибки успешно установлен
10:04:17 [INFO] Резьбы вставки успешно установлен
10:04:17 [INFO] начало расчета цены резки
10:04:20 [INFO] количество деталей успешно установлен
10:04:20 [INFO] начало расчета цены резки
10:04:23 [INFO] начало расчета цены резки
10:04:23 [INFO] цена материала успешно установлен
10:04:25 [INFO] маржа успешно установлен
10:04:25 [INFO] начало расчета цены резки
10:04:35 [INFO] начало расчета цены резки
10:07:52 [INFO] Приложение запущено
10:09:27 [INFO] Приложение запущено
10:09:49 [INFO] Приложение запущено
10:09:52 [INFO] начало расчета цены резки
10:10:26 [INFO] Приложение запущено
10:12:13 [INFO] Приложение запущено
10:12:15 [INFO] начало расчета цены резки
10:12:15 [INFO] 3333333
10:12:15 [INFO] 3----------------------
10:12:23 [INFO] начало расчета цены резки
10:12:23 [INFO] 3333333
10:12:23 [INFO] 3----------------------
10:12:25 [INFO] Тип резки успешно установлен
10:12:25 [INFO] начало расчета цены резки
10:12:25 [INFO] 3333333
10:12:25 [INFO] 3----------------------
10:12:26 [INFO] Тип материала успешно установлен
10:12:26 [INFO] начало расчета цены резки
10:12:26 [INFO] 3333333
10:12:26 [INFO] 3----------------------
10:19:11 [INFO] Приложение запущено
10:19:29 [INFO] начало расчета цены резки
10:19:29 [INFO] 3333333
10:19:29 [INFO] 1
10:19:29 [INFO] 4
10:19:29 [INFO] 55
10:19:29 [INFO] Цена одной детали успешно запрошена
10:19:29 [INFO] Цена всех деталей успешно запрошена
10:19:41 [INFO] Тип резки успешно установлен
10:19:41 [INFO] начало расчета цены резки
10:19:41 [INFO] 3333333
10:19:41 [INFO] 1
10:19:41 [INFO] 4
10:19:41 [INFO] 55
10:19:41 [INFO] Цена одной детали успешно запрошена
10:19:41 [INFO] Цена всех деталей успешно запрошена
10:19:42 [INFO] Тип материала успешно установлен
10:19:42 [INFO] начало расчета цены резки
10:19:42 [INFO] 3333333
10:19:42 [INFO] 1
10:19:42 [INFO] 2
10:19:42 [INFO] 3
10:19:42 [INFO] 4
10:19:42 [INFO] 55
10:19:42 [INFO] Цена одной детали успешно запрошена
10:19:42 [INFO] Цена всех деталей успешно запрошена
10:19:44 [INFO] толщина материала успешно установлена
10:19:44 [INFO] начало расчета цены резки
10:19:44 [INFO] 3333333
10:19:44 [INFO] 1
10:19:44 [INFO] 2
10:19:44 [INFO] 3
10:19:44 [INFO] 14
10:19:44 [INFO] 4
10:19:44 [INFO] 55
10:19:44 [INFO] Цена одной детали успешно запрошена
10:19:44 [INFO] Цена всех деталей успешно запрошена
10:19:47 [INFO] Длинная материла успешно установлен
10:19:47 [INFO] начало расчета цены резки
10:19:47 [INFO] 3333333
10:19:47 [INFO] 1
10:19:47 [INFO] 2
10:19:47 [INFO] 3
10:19:47 [INFO] 14
10:19:47 [INFO] 4
10:19:47 [INFO] 55
10:19:47 [INFO] Цена одной детали успешно запрошена
10:19:47 [INFO] Цена всех деталей успешно запрошена
10:19:49 [INFO] места гибки успешно установлен
10:19:49 [INFO] начало расчета цены резки
10:19:49 [INFO] 3333333
10:19:49 [INFO] 1
10:19:49 [INFO] 2
10:19:49 [INFO] 3
10:19:49 [INFO] 14
10:19:49 [INFO] 4
10:19:49 [INFO] 55
10:19:49 [INFO] Цена одной детали успешно запрошена
10:19:49 [INFO] Цена всех деталей успешно запрошена
10:19:51 [INFO] Резьбы вставки успешно установлен
10:19:51 [INFO] начало расчета цены резки
10:19:51 [INFO] 3333333
10:19:51 [INFO] 1
10:19:51 [INFO] 2
10:19:51 [INFO] 3
10:19:51 [INFO] 14
10:19:51 [INFO] 4
10:19:51 [INFO] 55
10:19:51 [INFO] Цена одной детали успешно запрошена
10:19:51 [INFO] Цена всех деталей успешно запрошена
10:19:53 [INFO] количество деталей успешно установлен
10:19:53 [INFO] начало расчета цены резки
10:19:53 [INFO] 3333333
10:19:53 [INFO] 1
10:19:53 [INFO] 2
10:19:53 [INFO] 3
10:19:53 [INFO] 14
10:19:53 [INFO] 4
10:19:53 [INFO] 55
10:19:53 [INFO] Цена одной детали успешно запрошена
10:19:53 [INFO] Цена всех деталей успешно запрошена
10:19:55 [INFO] цена материала успешно установлен
10:19:55 [INFO] начало расчета цены резки
10:19:55 [INFO] 3333333
10:19:55 [INFO] 1
10:19:55 [INFO] 2
10:19:55 [INFO] 3
10:19:55 [INFO] 14
10:19:55 [INFO] 4
10:19:55 [INFO] 55
10:19:55 [INFO] Цена одной детали успешно запрошена
10:19:55 [INFO] Цена всех деталей успешно запрошена
10:19:57 [INFO] маржа успешно установлен
10:19:57 [INFO] начало расчета цены резки
10:19:57 [INFO] 3333333
10:19:57 [INFO] 1
10:19:57 [INFO] 2
10:19:57 [INFO] 3
10:19:57 [INFO] 14
10:19:57 [INFO] 4
10:19:57 [INFO] 55
10:19:57 [INFO] Цена одной детали успешно запрошена
10:19:57 [INFO] Цена всех деталей успешно запрошена
10:20:05 [INFO] начало расчета цены резки
10:20:05 [INFO] 3333333
10:20:05 [INFO] 1
10:20:05 [INFO] 2
10:20:05 [INFO] 3
10:20:05 [INFO] 14
10:20:05 [INFO] 4
10:20:05 [INFO] 55
10:20:05 [INFO] Цена одной детали успешно запрошена
10:20:05 [INFO] Цена всех деталей успешно запрошена
10:20:08 [INFO] начало расчета цены резки
10:20:08 [INFO] 3333333
10:20:08 [INFO] 1
10:20:08 [INFO] 2
10:20:08 [INFO] 3
10:20:08 [INFO] 14
10:20:08 [INFO] 4
10:20:08 [INFO] 55
10:20:08 [INFO] Цена одной детали успешно запрошена
10:20:08 [INFO] Цена всех деталей успешно запрошена
10:20:16 [WARN] NewEvents emitted without explicit RedrawEventsCleared
10:20:16 [WARN] RedrawEventsCleared emitted without explicit MainEventsCleared
10:20:18 [INFO] начало расчета цены резки
10:20:18 [INFO] 3333333
10:20:18 [INFO] 1
10:20:18 [INFO] 2
10:20:18 [INFO] 3
10:20:18 [INFO] 14
10:20:18 [INFO] 4
10:20:18 [INFO] 55
10:20:18 [INFO] Цена одной детали успешно запрошена
10:20:18 [INFO] Цена всех деталей успешно запрошена
10:21:07 [INFO] Приложение запущено
10:28:05 [INFO] Тип материала успешно установлен
10:28:05 [INFO] начало расчета цены резки
10:28:05 [INFO] 3333333
10:28:05 [INFO] 1
10:28:05 [INFO] 2
10:28:05 [INFO] 3
10:28:05 [INFO] 4
10:28:05 [INFO] 55
10:28:05 [INFO] Цена одной детали успешно запрошена
10:28:05 [INFO] Цена всех деталей успешно запрошена
10:28:22 [INFO] Тип материала успешно установлен
10:28:22 [INFO] начало расчета цены резки
10:28:22 [INFO] 3333333
10:28:22 [INFO] 1
10:28:22 [INFO] 4
10:28:22 [INFO] 55
10:28:22 [INFO] Цена одной детали успешно запрошена
10:28:22 [INFO] Цена всех деталей успешно запрошена
10:37:26 [INFO] начало расчета цены резки
10:37:26 [INFO] 3333333
10:37:26 [INFO] 1
10:37:26 [INFO] 4
10:37:26 [INFO] 55
10:37:26 [INFO] Цена одной детали успешно запрошена
10:37:26 [INFO] Цена всех деталей успешно запрошена
10:37:45 [INFO] Тип резки успешно установлен
10:37:45 [INFO] начало расчета цены резки
10:37:45 [INFO] 3333333
10:37:45 [INFO] 1
10:37:45 [INFO] 4
10:37:45 [INFO] 55
10:37:45 [INFO] Цена одной детали успешно запрошена
10:37:45 [INFO] Цена всех деталей успешно запрошена
10:37:46 [INFO] Тип материала успешно установлен
10:37:46 [INFO] начало расчета цены резки
10:37:46 [INFO] 3333333
10:37:46 [INFO] 1
10:37:46 [INFO] 2
10:37:46 [INFO] 3
10:37:46 [INFO] 4
10:37:46 [INFO] 55
10:37:46 [INFO] Цена одной детали успешно запрошена
10:37:46 [INFO] Цена всех деталей успешно запрошена
10:37:50 [WARN] NewEvents emitted without explicit RedrawEventsCleared
10:37:50 [WARN] RedrawEventsCleared emitted without explicit MainEventsCleared
10:37:50 [INFO] начало расчета цены резки
10:37:50 [INFO] 3333333
10:37:50 [INFO] 1
10:37:50 [INFO] 2
10:37:50 [INFO] 3
10:37:50 [INFO] 4
10:37:50 [INFO] 55
10:37:50 [INFO] толщина материала успешно установлена
10:37:50 [INFO] Цена одной детали успешно запрошена
10:37:50 [INFO] Цена всех деталей успешно запрошена
10:37:58 [INFO] Длинная материла успешно установлен
10:37:58 [INFO] начало расчета цены резки
10:37:58 [INFO] 3333333
10:37:58 [INFO] 1
10:37:58 [INFO] 2
10:37:58 [INFO] 3
10:37:58 [INFO] 14
10:37:58 [INFO] 4
10:37:58 [INFO] 55
10:37:58 [INFO] Цена одной детали успешно запрошена
10:37:58 [INFO] Цена всех деталей успешно запрошена
10:37:59 [INFO] места гибки успешно установлен
10:37:59 [INFO] начало расчета цены резки
10:37:59 [INFO] 3333333
10:37:59 [INFO] 1
10:37:59 [INFO] 2
10:37:59 [INFO] 3
10:37:59 [INFO] 14
10:37:59 [INFO] 4
10:37:59 [INFO] 55
10:37:59 [INFO] Цена одной детали успешно запрошена
10:37:59 [INFO] Цена всех деталей успешно запрошена
10:38:01 [INFO] места гибки успешно установлен
10:38:01 [INFO] начало расчета цены резки
10:38:01 [INFO] 3333333
10:38:01 [INFO] 1
10:38:01 [INFO] 2
10:38:01 [INFO] 3
10:38:01 [INFO] 14
10:38:01 [INFO] 4
10:38:01 [INFO] 55
10:38:01 [INFO] Цена одной детали успешно запрошена
10:38:01 [INFO] Цена всех деталей успешно запрошена
10:38:03 [INFO] Резьбы вставки успешно установлен
10:38:03 [INFO] начало расчета цены резки
10:38:03 [INFO] 3333333
10:38:03 [INFO] 1
10:38:03 [INFO] 2
10:38:03 [INFO] 3
10:38:03 [INFO] 14
10:38:03 [INFO] 4
10:38:03 [INFO] 55
10:38:03 [INFO] Цена одной детали успешно запрошена
10:38:03 [INFO] Цена всех деталей успешно запрошена
10:38:06 [INFO] количество деталей успешно установлен
10:38:06 [INFO] начало расчета цены резки
10:38:06 [INFO] 3333333
10:38:06 [INFO] 1
10:38:06 [INFO] 2
10:38:06 [INFO] 3
10:38:06 [INFO] 14
10:38:06 [INFO] 4
10:38:06 [INFO] 55
10:38:06 [INFO] Цена одной детали успешно запрошена
10:38:06 [INFO] Цена всех деталей успешно запрошена
10:38:07 [INFO] цена материала успешно установлен
10:38:07 [INFO] начало расчета цены резки
10:38:07 [INFO] 3333333
10:38:07 [INFO] 1
10:38:07 [INFO] 2
10:38:07 [INFO] 3
10:38:07 [INFO] 14
10:38:07 [INFO] 4
10:38:07 [INFO] 55
10:38:07 [INFO] Цена одной детали успешно запрошена
10:38:07 [INFO] Цена всех деталей успешно запрошена
10:38:09 [INFO] маржа успешно установлен
10:38:09 [INFO] начало расчета цены резки
10:38:09 [INFO] 3333333
10:38:09 [INFO] 1
10:38:09 [INFO] 2
10:38:09 [INFO] 3
10:38:09 [INFO] 14
10:38:09 [INFO] 4
10:38:09 [INFO] 55
10:38:09 [INFO] Цена одной детали успешно запрошена
10:38:09 [INFO] Цена всех деталей успешно запрошена
10:38:12 [INFO] начало расчета цены резки
10:38:12 [INFO] 3333333
10:38:12 [INFO] 1
10:38:12 [INFO] 2
10:38:12 [INFO] 3
10:38:12 [INFO] 14
10:38:12 [INFO] 4
10:38:12 [INFO] 55
10:38:12 [INFO] Цена одной детали успешно запрошена
10:38:12 [INFO] Цена всех деталей успешно запрошена
10:38:13 [INFO] начало расчета цены резки
10:38:13 [INFO] 3333333
10:38:13 [INFO] 1
10:38:13 [INFO] 2
10:38:13 [INFO] 3
10:38:13 [INFO] 14
10:38:13 [INFO] 4
10:38:13 [INFO] 55
10:38:13 [INFO] Цена одной детали успешно запрошена
10:38:13 [INFO] Цена всех деталей успешно запрошена
10:38:13 [INFO] начало расчета цены резки
10:38:13 [INFO] 3333333
10:38:13 [INFO] 1
10:38:13 [INFO] 2
10:38:13 [INFO] 3
10:38:13 [INFO] 14
10:38:13 [INFO] 4
10:38:13 [INFO] 55
10:38:13 [INFO] Цена одной детали успешно запрошена
10:38:13 [INFO] Цена всех деталей успешно запрошена
10:38:13 [INFO] начало расчета цены резки
10:38:13 [INFO] 3333333
10:38:13 [INFO] 1
10:38:13 [INFO] 2
10:38:13 [INFO] 3
10:38:13 [INFO] 14
10:38:13 [INFO] 4
10:38:13 [INFO] 55
10:38:13 [INFO] Цена одной детали успешно запрошена
10:38:14 [INFO] Цена всех деталей успешно запрошена
10:38:28 [WARN] NewEvents emitted without explicit RedrawEventsCleared
10:38:28 [WARN] RedrawEventsCleared emitted without explicit MainEventsCleared
10:40:37 [INFO] Приложение запущено
10:40:42 [INFO] Тип резки успешно установлен
10:40:42 [INFO] начало расчета цены резки
10:40:42 [INFO] 3333333
10:40:42 [INFO] 1
10:40:42 [INFO] 4
10:40:42 [INFO] 55
10:40:42 [INFO] NaN, NaN
10:40:42 [INFO] Цена одной детали успешно запрошена
10:40:42 [INFO] Цена всех деталей успешно запрошена
10:40:49 [INFO] Тип материала успешно установлен
10:40:49 [INFO] начало расчета цены резки
10:40:49 [INFO] 3333333
10:40:49 [INFO] 1
10:40:49 [INFO] 4
10:40:49 [INFO] 55
10:40:49 [INFO] NaN, NaN
10:40:49 [INFO] Цена одной детали успешно запрошена
10:40:49 [INFO] Цена всех деталей успешно запрошена
10:40:54 [INFO] толщина материала успешно установлена
10:40:54 [INFO] начало расчета цены резки
10:40:54 [INFO] 3333333
10:40:54 [INFO] 1
10:40:54 [INFO] 4
10:40:54 [INFO] 55
10:40:54 [INFO] NaN, NaN
10:40:54 [INFO] Цена одной детали успешно запрошена
10:40:54 [INFO] Цена всех деталей успешно запрошена
10:41:00 [INFO] Длинная материла успешно установлен
10:41:00 [INFO] начало расчета цены резки
10:41:00 [INFO] 3333333
10:41:00 [INFO] 1
10:41:00 [INFO] 4
10:41:00 [INFO] 55
10:41:00 [INFO] inf, inf
10:41:00 [INFO] Цена одной детали успешно запрошена
10:41:00 [INFO] Цена всех деталей успешно запрошена
10:41:04 [INFO] начало расчета цены резки
10:41:04 [INFO] 3333333
10:41:04 [INFO] 1
10:41:04 [INFO] 4
10:41:04 [INFO] 55
10:41:04 [INFO] inf, inf
10:41:04 [INFO] места гибки успешно установлен
10:41:04 [INFO] Цена одной детали успешно запрошена
10:41:04 [INFO] Цена всех деталей успешно запрошена
10:41:05 [INFO] Резьбы вставки успешно установлен
10:41:05 [INFO] начало расчета цены резки
10:41:05 [INFO] 3333333
10:41:05 [INFO] 1
10:41:05 [INFO] 4
10:41:05 [INFO] 55
10:41:05 [INFO] inf, inf
10:41:05 [INFO] Цена одной детали успешно запрошена
10:41:05 [INFO] Цена всех деталей успешно запрошена
10:41:19 [INFO] количество деталей успешно установлен
10:41:19 [INFO] начало расчета цены резки
10:41:19 [INFO] 3333333
10:41:19 [INFO] 1
10:41:19 [INFO] 4
10:41:19 [INFO] 55
10:41:19 [INFO] inf, inf
10:41:19 [INFO] Цена одной детали успешно запрошена
10:41:19 [INFO] Цена всех деталей успешно запрошена
10:41:23 [INFO] начало расчета цены резки
10:41:23 [INFO] 3333333
10:41:23 [INFO] 1
10:41:23 [INFO] 4
10:41:23 [INFO] 55
10:41:23 [INFO] inf, inf
10:41:23 [INFO] цена материала успешно установлен
10:41:23 [INFO] Цена одной детали успешно запрошена
10:41:23 [INFO] Цена всех деталей успешно запрошена
10:41:26 [INFO] маржа успешно установлен
10:41:26 [INFO] начало расчета цены резки
10:41:26 [INFO] 3333333
10:41:26 [INFO] 1
10:41:26 [INFO] 4
10:41:26 [INFO] 55
10:41:26 [INFO] inf, inf
10:41:26 [INFO] Цена одной детали успешно запрошена
10:41:26 [INFO] Цена всех деталей успешно запрошена
10:44:07 [INFO] Приложение запущено
10:44:10 [INFO] 3333333
10:44:10 [INFO] 1
10:44:10 [INFO] 4
10:44:10 [INFO] 55
10:44:10 [INFO] NaN, NaN
10:45:27 [INFO] Приложение запущено
10:45:29 [INFO] NaN, NaN
10:48:43 [INFO] Приложение запущено
10:48:54 [INFO] 30, 6, 0.34, 2, 1, 4, 1, 8, 1, 0.5, 1, 30, 30
                
10:48:54 [INFO] NaN, NaN
10:49:13 [INFO] 30, 6, 0.34, 2, 1, 4, 1, 8, 1, 0.5, 1, 30, 30
                
10:49:13 [INFO] NaN, NaN
10:51:17 [INFO] Приложение запущено
10:51:54 [INFO] Приложение запущено
10:52:02 [INFO] 30, 6, 0.34, 2, 1, 4, 1, 8, 1, 0.5, 1, 30, 30
                
10:52:02 [INFO] 0, 0, 0, 1, 0, 28
10:52:02 [INFO] 92.104996
10:52:02 [INFO] NaN, NaN
10:52:31 [INFO] 30, 6, 0.34, 2, 1, 4, 1, 8, 1, 0.5, 1, 30, 30
                
10:52:31 [INFO] 0, 0, 0, 1, 0, 28
10:52:31 [INFO] 92.104996
10:52:31 [INFO] NaN, NaN
10:52:32 [INFO] 30, 6, 0.34, 2, 1, 4, 1, 8, 1, 0.5, 1, 30, 30
                
10:52:32 [INFO] 3
10:52:32 [INFO] 0, 0, 0, 1, 0, 28
10:52:32 [INFO] 92.104996
10:52:32 [INFO] NaN, NaN
10:52:34 [INFO] 30, 6, 0.34, 2, 1, 4, 1, 8, 1, 0.5, 1, 30, 30
                
10:52:34 [INFO] 3
10:52:34 [INFO] 14
10:52:34 [INFO] 4, 0, 2.7, 1, 0, 28
10:52:34 [INFO] 94.40339
10:52:34 [INFO] 0, 0
10:52:38 [INFO] 30, 6, 0.34, 2, 1, 4, 1, 8, 1, 0.5, 1, 30, 30
                
10:52:38 [INFO] 3
10:52:38 [INFO] 14
10:52:38 [INFO] 4, 100, 2.7, 1, 0, 28
10:52:38 [INFO] 94.40339
10:52:38 [INFO] 0.74590325, 0.74590325
10:52:40 [INFO] 30, 6, 0.34, 2, 1, 4, 1, 8, 1, 0.5, 1, 30, 30
                
10:52:40 [INFO] 3
10:52:40 [INFO] 14
10:52:40 [INFO] 4, 100, 2.7, 1, 0, 28
10:52:40 [INFO] 94.40339
10:52:40 [INFO] 0.74590325, 0.74590325
10:52:42 [INFO] 30, 6, 0.34, 2, 1, 4, 1, 8, 1, 0.5, 1, 30, 30
                
10:52:42 [INFO] 3
10:52:42 [INFO] 14
10:52:42 [INFO] 4, 100, 2.7, 1, 0, 28
10:52:42 [INFO] 94.40339
10:52:42 [INFO] 0.74590325, 0.74590325
10:52:44 [INFO] 30, 6, 0.34, 2, 1, 4, 1, 8, 1, 0.5, 1, 30, 30
                
10:52:44 [INFO] 3
10:52:44 [INFO] 14
10:52:44 [INFO] 4, 100, 2.7, 1, 0, 28
10:52:44 [INFO] 94.40339
10:52:44 [INFO] 0.74590325, 0.74590325
10:52:48 [INFO] 30, 6, 0.34, 2, 1, 4, 1, 8, 1, 0.5, 1, 30, 30
                
10:52:48 [INFO] 3
10:52:48 [INFO] 14
10:52:48 [INFO] 4, 100, 2.7, 1, 20, 28
10:52:48 [INFO] 94.40339
10:52:48 [INFO] 26.345903, 26.345903
10:52:50 [INFO] 30, 6, 0.34, 2, 1, 4, 1, 8, 1, 0.5, 1, 30, 30
                
10:52:50 [INFO] 3
10:52:50 [INFO] 14
10:52:50 [INFO] 4, 100, 2.7, 1, 20, 30
10:52:50 [INFO] 94.40339
10:52:50 [INFO] 26.757557, 26.757557
10:55:16 [INFO] Приложение запущено
10:57:30 [INFO] Приложение запущено
10:58:08 [INFO] 30, 6, 0.34, 2, 1, 4, 1, 8, 1, 0.5, 1, 30, 30
                
10:58:08 [INFO] 0, 0, 0, 1, 0, 28
10:58:08 [INFO] 92.104996
10:58:08 [INFO] NaN, NaN
10:58:10 [INFO] 30, 6, 0.34, 2, 1, 4, 1, 8, 1, 0.5, 1, 30, 30
                
10:58:10 [INFO] 0, 0, 0, 1, 0, 28
10:58:10 [INFO] 92.104996
10:58:10 [INFO] NaN, NaN
10:58:12 [INFO] 30, 6, 0.34, 2, 1, 4, 1, 8, 1, 0.5, 1, 30, 30
                
10:58:12 [INFO] Thickness: 0
10:58:12 [INFO] Material Type: steel
10:58:12 [INFO] 0, 0, 0, 1, 0, 28
10:58:12 [INFO] 92.104996
10:58:12 [INFO] NaN, NaN
10:58:15 [INFO] 30, 6, 0.34, 2, 1, 4, 1, 8, 1, 0.5, 1, 30, 30
                
10:58:15 [INFO] Thickness: 5
10:58:15 [INFO] Material Type: steel
10:58:15 [INFO] 4, 2000, 2.7, 1, 0, 28
10:58:15 [INFO] 94.40339
10:58:15 [INFO] 14.918065, 14.918065
10:58:17 [INFO] 30, 6, 0.34, 2, 1, 4, 1, 8, 1, 0.5, 1, 30, 30
                
10:58:17 [INFO] Thickness: 5
10:58:17 [INFO] Material Type: steel
10:58:17 [INFO] 4, 2000, 2.7, 1, 0, 28
10:58:17 [INFO] 94.40339
10:58:17 [INFO] 14.918065, 14.918065
10:58:18 [INFO] 30, 6, 0.34, 2, 1, 4, 1, 8, 1, 0.5, 1, 30, 30
                
10:58:18 [INFO] Thickness: 5
10:58:18 [INFO] Material Type: steel
10:58:18 [INFO] 4, 2000, 2.7, 1, 0, 28
10:58:18 [INFO] 94.40339
10:58:18 [INFO] 14.918065, 14.918065
10:58:24 [INFO] 30, 6, 0.34, 2, 1, 4, 1, 8, 1, 0.5, 1, 30, 30
                
10:58:24 [INFO] Thickness: 5
10:58:24 [INFO] Material Type: steel
10:58:24 [INFO] 4, 2000, 2.7, 5, 0, 28
10:58:24 [INFO] 94.40339
10:58:24 [INFO] 14.918065, 74.590324
10:58:29 [INFO] 30, 6, 0.34, 2, 1, 4, 1, 8, 1, 0.5, 1, 30, 30
                
10:58:29 [INFO] Thickness: 5
10:58:29 [INFO] Material Type: steel
10:58:29 [INFO] 4, 2000, 2.7, 5, 0, 28
10:58:29 [INFO] 94.40339
10:58:29 [INFO] 14.918065, 74.590324
10:58:32 [INFO] 30, 6, 0.34, 2, 1, 4, 1, 8, 1, 0.5, 1, 30, 30
                
10:58:32 [INFO] Thickness: 5
10:58:32 [INFO] Material Type: steel
10:58:32 [INFO] 4, 2000, 2.7, 5, 14, 30
10:58:32 [INFO] 94.40339
10:58:32 [INFO] 33.35116, 166.7558
10:58:55 [INFO] 30, 6, 0.34, 2, 1, 4, 1, 8, 1, 0.5, 1, 30, 30
                
10:58:55 [INFO] Thickness: 5
10:58:55 [INFO] Material Type: steel
10:58:55 [INFO] 4, 2000, 2.7, 5, 14, 30
10:58:55 [INFO] 94.40339
10:58:55 [INFO] 33.35116, 166.7558
11:07:31 [INFO] Приложение запущено
11:07:32 [ERROR] failed to create webview: WebView2 error: WindowsError(Error { code: HRESULT(0x80070057), message: "Параметр задан неверно." })
11:08:23 [INFO] Приложение запущено
11:08:38 [INFO] 30, 6, 0.34, 2, 1, 4, 1, 8, 1, 0.5, 1, 30, 30
                
11:08:38 [INFO] 0, 0, 0, 1, 0, 28
11:08:38 [INFO] 92.104996
11:08:38 [INFO] Установлена цена одной детали: NaN
11:08:38 [INFO] Установлена цена всех деталей: NaN
11:08:38 [INFO] NaN, NaN
11:08:38 [INFO] Запрошена цена одной детали: NaN
11:08:38 [INFO] Запрошена цена всех деталей: NaN
11:08:40 [WARN] NewEvents emitted without explicit RedrawEventsCleared
11:08:40 [WARN] RedrawEventsCleared emitted without explicit MainEventsCleared
11:08:41 [INFO] 30, 6, 0.34, 2, 1, 4, 1, 8, 1, 0.5, 1, 30, 30
                
11:08:41 [INFO] 0, 0, 0, 1, 0, 28
11:08:41 [INFO] 92.104996
11:08:41 [INFO] Установлена цена одной детали: NaN
11:08:41 [INFO] Установлена цена всех деталей: NaN
11:08:41 [INFO] NaN, NaN
11:08:41 [INFO] Запрошена цена одной детали: NaN
11:08:41 [INFO] Запрошена цена всех деталей: NaN
11:08:56 [INFO] 30, 6, 0.34, 2, 1, 4, 1, 8, 1, 0.5, 1, 30, 30
                
11:08:56 [INFO] Thickness: 0
11:08:56 [INFO] Material Type: steel
11:08:56 [INFO] 0, 0, 0, 1, 0, 28
11:08:56 [INFO] 92.104996
11:08:56 [INFO] Установлена цена одной детали: NaN
11:08:56 [INFO] Установлена цена всех деталей: NaN
11:08:56 [INFO] NaN, NaN
11:08:56 [INFO] Запрошена цена одной детали: NaN
11:08:56 [INFO] Запрошена цена всех деталей: NaN
11:09:00 [INFO] 30, 6, 0.34, 2, 1, 4, 1, 8, 1, 0.5, 1, 30, 30
                
11:09:00 [INFO] Thickness: 1
11:09:00 [INFO] Material Type: steel
11:09:00 [INFO] 4, 0, 29, 1, 0, 28
11:09:00 [INFO] 94.40339
11:09:00 [INFO] Установлена цена одной детали: 0.00
11:09:00 [INFO] Установлена цена всех деталей: 0.00
11:09:00 [INFO] 0, 0
11:09:00 [INFO] Запрошена цена одной детали: 0
11:09:00 [INFO] Запрошена цена всех деталей: 0
11:09:04 [INFO] 30, 6, 0.34, 2, 1, 4, 1, 8, 1, 0.5, 1, 30, 30
                
11:09:04 [INFO] Thickness: 1
11:09:04 [INFO] Material Type: steel
11:09:04 [INFO] 4, 10000, 29, 1, 0, 28
11:09:04 [INFO] 94.40339
11:09:04 [INFO] Установлена цена одной детали: 6.94
11:09:04 [INFO] Установлена цена всех деталей: 6.94
11:09:04 [INFO] 6.9446163, 6.9446163
11:09:04 [INFO] Запрошена цена одной детали: 6.9446163
11:09:04 [INFO] Запрошена цена всех деталей: 6.9446163
11:09:06 [INFO] 30, 6, 0.34, 2, 1, 4, 1, 8, 1, 0.5, 1, 30, 30
                
11:09:06 [INFO] Thickness: 1
11:09:06 [INFO] Material Type: steel
11:09:06 [INFO] 4, 10000, 29, 1, 0, 28
11:09:06 [INFO] 94.40339
11:09:06 [INFO] Установлена цена одной детали: 6.94
11:09:06 [INFO] Установлена цена всех деталей: 6.94
11:09:06 [INFO] 6.9446163, 6.9446163
11:09:06 [INFO] Запрошена цена одной детали: 6.9446163
11:09:06 [INFO] Запрошена цена всех деталей: 6.9446163
11:09:08 [INFO] 30, 6, 0.34, 2, 1, 4, 1, 8, 1, 0.5, 1, 30, 30
                
11:09:08 [INFO] Thickness: 1
11:09:08 [INFO] Material Type: steel
11:09:08 [INFO] 4, 10000, 29, 1, 0, 28
11:09:08 [INFO] 94.40339
11:09:08 [INFO] Установлена цена одной детали: 6.94
11:09:08 [INFO] Установлена цена всех деталей: 6.94
11:09:08 [INFO] 6.9446163, 6.9446163
11:09:08 [INFO] Запрошена цена одной детали: 6.9446163
11:09:08 [INFO] Запрошена цена всех деталей: 6.9446163
11:09:12 [INFO] 30, 6, 0.34, 2, 1, 4, 1, 8, 1, 0.5, 1, 30, 30
                
11:09:12 [INFO] Thickness: 1
11:09:12 [INFO] Material Type: steel
11:09:12 [INFO] 4, 10000, 29, 6, 0, 28
11:09:12 [INFO] 94.40339
11:09:12 [INFO] Установлена цена одной детали: 6.94
11:09:12 [INFO] Установлена цена всех деталей: 41.67
11:09:12 [INFO] 6.9446163, 41.667698
11:09:12 [INFO] Запрошена цена одной детали: 6.9446163
11:09:12 [INFO] Запрошена цена всех деталей: 41.667698
11:09:14 [INFO] 30, 6, 0.34, 2, 1, 4, 1, 8, 1, 0.5, 1, 30, 30
                
11:09:14 [INFO] Thickness: 1
11:09:14 [INFO] Material Type: steel
11:09:14 [INFO] 4, 10000, 29, 6, 10, 28
11:09:14 [INFO] 94.40339
11:09:14 [INFO] Установлена цена одной детали: 19.74
11:09:14 [INFO] Установлена цена всех деталей: 118.47
11:09:14 [INFO] 19.744616, 118.4677
11:09:14 [INFO] Запрошена цена одной детали: 19.744616
11:09:14 [INFO] Запрошена цена всех деталей: 118.4677
11:09:18 [INFO] 30, 6, 0.34, 2, 1, 4, 1, 8, 1, 0.5, 1, 30, 30
                
11:09:18 [INFO] Thickness: 1
11:09:18 [INFO] Material Type: steel
11:09:18 [INFO] 4, 10000, 29, 6, 10, 30
11:09:18 [INFO] 94.40339
11:09:18 [INFO] Установлена цена одной детали: 20.05
11:09:18 [INFO] Установлена цена всех деталей: 120.32
11:09:18 [INFO] 20.053125, 120.318756
11:09:18 [INFO] Запрошена цена одной детали: 20.053125
11:09:18 [INFO] Запрошена цена всех деталей: 120.318756
11:09:36 [INFO] 30, 6, 0.34, 2, 1, 4, 1, 8, 1, 0.5, 1, 30, 30
                
11:09:36 [INFO] Thickness: 1
11:09:36 [INFO] Material Type: steel
11:09:36 [INFO] 4, 10000, 29, 6, 10, 30
11:09:36 [INFO] 94.40339
11:09:36 [INFO] Установлена цена одной детали: 20.05
11:09:36 [INFO] Установлена цена всех деталей: 120.32
11:09:36 [INFO] 20.053125, 120.318756
11:09:36 [INFO] Запрошена цена одной детали: 20.053125
11:09:36 [INFO] Запрошена цена всех деталей: 120.318756
11:10:38 [WARN] NewEvents emitted without explicit RedrawEventsCleared
11:10:38 [WARN] RedrawEventsCleared emitted without explicit MainEventsCleared
11:10:48 [INFO] 30, 6, 0.34, 2, 1, 4, 1, 8, 1, 0.5, 1, 30, 30
                
11:10:48 [INFO] Thickness: 1
11:10:48 [INFO] Material Type: steel
11:10:48 [INFO] 4, 100000, 29, 6, 10, 30
11:10:48 [INFO] 94.40339
11:10:48 [INFO] Установлена цена одной детали: 83.53
11:10:48 [INFO] Установлена цена всех деталей: 501.19
11:10:48 [INFO] 83.531265, 501.1876
11:10:48 [INFO] Запрошена цена одной детали: 83.531265
11:10:48 [INFO] Запрошена цена всех деталей: 501.1876
11:10:49 [INFO] 30, 6, 0.34, 2, 1, 4, 1, 8, 1, 0.5, 1, 30, 30
                
11:10:49 [INFO] Thickness: 1
11:10:49 [INFO] Material Type: steel
11:10:49 [INFO] 4, 100000, 29, 6, 10, 30
11:10:49 [INFO] 94.40339
11:10:49 [INFO] Установлена цена одной детали: 83.53
11:10:49 [INFO] Установлена цена всех деталей: 501.19
11:10:49 [INFO] 83.531265, 501.1876
11:10:49 [INFO] Запрошена цена одной детали: 83.531265
11:10:49 [INFO] Запрошена цена всех деталей: 501.1876
11:12:00 [INFO] 30, 6, 0.34, 2, 1, 4, 1, 8, 1, 0.5, 1, 30, 30
                
11:12:00 [INFO] Thickness: 20
11:12:00 [INFO] Material Type: steel
11:12:00 [INFO] 4, 100000, 29, 6, 10, 30
11:12:00 [INFO] 94.40339
11:12:00 [INFO] Установлена цена одной детали: 83.53
11:12:00 [INFO] Установлена цена всех деталей: 501.19
11:12:00 [INFO] 83.531265, 501.1876
11:12:00 [INFO] Запрошена цена одной детали: 83.531265
11:12:00 [INFO] Запрошена цена всех деталей: 501.1876
11:12:02 [INFO] 30, 6, 0.34, 2, 1, 4, 1, 8, 1, 0.5, 1, 30, 30
                
11:12:02 [INFO] Thickness: 20
11:12:02 [INFO] Material Type: steel
11:12:02 [INFO] 4, 100000, 29, 6, 10, 30
11:12:02 [INFO] 94.40339
11:12:02 [INFO] Установлена цена одной детали: 83.53
11:12:02 [INFO] Установлена цена всех деталей: 501.19
11:12:02 [INFO] 83.531265, 501.1876
11:12:02 [INFO] Запрошена цена одной детали: 83.531265
11:12:02 [INFO] Запрошена цена всех деталей: 501.1876
11:12:03 [INFO] 30, 6, 0.34, 2, 1, 4, 1, 8, 1, 0.5, 1, 30, 30
                
11:12:03 [INFO] Thickness: 20
11:12:03 [INFO] Material Type: steel
11:12:03 [INFO] 4, 100000, 29, 6, 10, 30
11:12:03 [INFO] 94.40339
11:12:03 [INFO] Установлена цена одной детали: 83.53
11:12:03 [INFO] Установлена цена всех деталей: 501.19
11:12:03 [INFO] 83.531265, 501.1876
11:12:03 [INFO] Запрошена цена одной детали: 83.531265
11:12:03 [INFO] Запрошена цена всех деталей: 501.1876
11:12:03 [INFO] 30, 6, 0.34, 2, 1, 4, 1, 8, 1, 0.5, 1, 30, 30
                
11:12:03 [INFO] Thickness: 20
11:12:03 [INFO] Material Type: steel
11:12:03 [INFO] 4, 100000, 29, 6, 10, 30
11:12:03 [INFO] 94.40339
11:12:03 [INFO] Установлена цена одной детали: 83.53
11:12:03 [INFO] Установлена цена всех деталей: 501.19
11:12:03 [INFO] 83.531265, 501.1876
11:12:03 [INFO] Запрошена цена одной детали: 83.531265
11:12:03 [INFO] Запрошена цена всех деталей: 501.1876
11:12:03 [INFO] 30, 6, 0.34, 2, 1, 4, 1, 8, 1, 0.5, 1, 30, 30
                
11:12:03 [INFO] Thickness: 20
11:12:03 [INFO] Material Type: steel
11:12:03 [INFO] 4, 100000, 29, 6, 10, 30
11:12:03 [INFO] 94.40339
11:12:03 [INFO] Установлена цена одной детали: 83.53
11:12:03 [INFO] Установлена цена всех деталей: 501.19
11:12:03 [INFO] 83.531265, 501.1876
11:12:03 [INFO] Запрошена цена одной детали: 83.531265
11:12:03 [INFO] Запрошена цена всех деталей: 501.1876
